<?xml version="1.0" encoding="UTF-8"?>
<testng-results skipped="0" failed="0" total="0" passed="0">
  <reporter-output>
  </reporter-output>
  <suite name="bootstrap.RunTest" duration-ms="10" started-at="2016-10-16T16:39:03Z" finished-at="2016-10-16T16:39:03Z">
    <groups>
    </groups>
    <test name="Command line test" duration-ms="10" started-at="2016-10-16T16:39:03Z" finished-at="2016-10-16T16:39:03Z">
    </test> <!-- Command line test -->
  </suite> <!-- bootstrap.RunTest -->
</testng-results>
